2022-11-06 17:24:04 DEBUG TelegramBot:22 - 😗
2022-11-06 18:13:23 DEBUG TelegramBot:22 - 🫠
2022-11-06 18:19:46 DEBUG TelegramBot:26 - 🦆
2022-11-06 18:22:31 DEBUG TelegramBot:26 - s
2022-11-06 18:25:14 DEBUG TelegramBot:26 - 123
2022-11-07 11:50:31 DEBUG UpdateProducerImpl:12 - 11
2022-11-07 11:51:13 DEBUG UpdateProducerImpl:12 - Привет
2022-11-07 11:52:31 DEBUG UpdateProducerImpl:12 - 
2022-11-07 11:57:22 DEBUG UpdateProducerImpl:12 - 
2022-11-07 11:57:58 DEBUG UpdateProducerImpl:12 - 
2022-11-07 12:03:52 DEBUG UpdateProducerImpl:12 - 11
2022-11-07 12:04:25 DEBUG UpdateProducerImpl:12 - 
2022-11-07 15:15:31 DEBUG UpdateProducerImpl:16 - hi!
2022-11-07 15:17:39 DEBUG UpdateProducerImpl:16 - 111
2022-11-07 15:20:18 DEBUG UpdateProducerImpl:16 - 1
2022-11-07 15:23:12 DEBUG UpdateProducerImpl:16 - 1
2022-11-07 15:24:06 DEBUG UpdateProducerImpl:16 - 1
2022-11-07 15:43:06 DEBUG UpdateProducerImpl:16 - 1
2022-11-07 15:51:45 DEBUG UpdateProducerImpl:16 - 1
2022-11-07 16:46:46 DEBUG UpdateProducerImpl:16 - 1
2022-11-07 16:52:07 DEBUG UpdateProducerImpl:16 - test message
2022-11-07 17:53:31 DEBUG UpdateProducerImpl:16 - 11
2022-11-07 17:55:57 DEBUG UpdateProducerImpl:16 - 11
2022-11-08 11:07:00 DEBUG UpdateProducerImpl:16 - hello from chat
2022-11-08 11:08:29 DEBUG UpdateProducerImpl:16 - hello
2022-11-08 11:15:55 DEBUG UpdateProducerImpl:16 - 1ddsdsdsds
2022-11-08 13:36:18 DEBUG UpdateProducerImpl:16 - hello from chat
2022-11-08 13:37:53 DEBUG UpdateProducerImpl:16 - dd
2022-11-08 13:37:54 DEBUG UpdateProducerImpl:16 - qq
2022-11-08 14:33:51 DEBUG UpdateProducerImpl:16 - qq
2022-11-08 16:42:07 DEBUG UpdateProducerImpl:16 - 1
2022-11-08 18:06:52 DEBUG UpdateProducerImpl:16 - /restart
2022-11-08 18:06:56 DEBUG UpdateProducerImpl:16 - /help
2022-11-08 18:07:16 DEBUG UpdateProducerImpl:16 - /start
2022-11-08 18:07:35 ERROR UpdateController:33 - Received unsupported message typeUpdate(updateId=726455251, message=null, inlineQuery=null, chosenInlineQuery=null, callbackQuery=null, editedMessage=null, channelPost=null, editedChannelPost=null, shippingQuery=null, preCheckoutQuery=null, poll=null, pollAnswer=null, myChatMember=ChatMemberUpdated(chat=Chat(id=104571614, type=private, title=null, firstName=А, lastName=null, userName=Magistri_militum, photo=null, description=null, inviteLink=null, pinnedMessage=null, stickerSetName=null, canSetStickerSet=null, permissions=null, slowModeDelay=null, bio=null, linkedChatId=null, location=null, messageAutoDeleteTime=null, hasPrivateForwards=null, HasProtectedContent=null, joinToSendMessages=null, joinByRequest=null), from=User(id=104571614, firstName=А, isBot=false, lastName=null, userName=Magistri_militum, languageCode=en, canJoinGroups=null, canReadAllGroupMessages=null, supportInlineQueries=null, isPremium=null, addedToAttachmentMenu=null), date=1667920056, oldChatMember=ChatMemberMember(status=member, user=User(id=5505239274, firstName=my1_files_exchange_bot, isBot=true, lastName=null, userName=My1FilesExchangeBot, languageCode=null, canJoinGroups=null, canReadAllGroupMessages=null, supportInlineQueries=null, isPremium=null, addedToAttachmentMenu=null)), newChatMember=ChatMemberBanned(status=kicked, user=User(id=5505239274, firstName=my1_files_exchange_bot, isBot=true, lastName=null, userName=My1FilesExchangeBot, languageCode=null, canJoinGroups=null, canReadAllGroupMessages=null, supportInlineQueries=null, isPremium=null, addedToAttachmentMenu=null), untilDate=0), inviteLink=null), chatMember=null, chatJoinRequest=null)
2022-11-08 18:07:48 ERROR UpdateController:33 - Received unsupported message typeUpdate(updateId=726455252, message=null, inlineQuery=null, chosenInlineQuery=null, callbackQuery=null, editedMessage=null, channelPost=null, editedChannelPost=null, shippingQuery=null, preCheckoutQuery=null, poll=null, pollAnswer=null, myChatMember=ChatMemberUpdated(chat=Chat(id=104571614, type=private, title=null, firstName=А, lastName=null, userName=Magistri_militum, photo=null, description=null, inviteLink=null, pinnedMessage=null, stickerSetName=null, canSetStickerSet=null, permissions=null, slowModeDelay=null, bio=null, linkedChatId=null, location=null, messageAutoDeleteTime=null, hasPrivateForwards=null, HasProtectedContent=null, joinToSendMessages=null, joinByRequest=null), from=User(id=104571614, firstName=А, isBot=false, lastName=null, userName=Magistri_militum, languageCode=en, canJoinGroups=null, canReadAllGroupMessages=null, supportInlineQueries=null, isPremium=null, addedToAttachmentMenu=null), date=1667920069, oldChatMember=ChatMemberBanned(status=kicked, user=User(id=5505239274, firstName=my1_files_exchange_bot, isBot=true, lastName=null, userName=My1FilesExchangeBot, languageCode=null, canJoinGroups=null, canReadAllGroupMessages=null, supportInlineQueries=null, isPremium=null, addedToAttachmentMenu=null), untilDate=0), newChatMember=ChatMemberMember(status=member, user=User(id=5505239274, firstName=my1_files_exchange_bot, isBot=true, lastName=null, userName=My1FilesExchangeBot, languageCode=null, canJoinGroups=null, canReadAllGroupMessages=null, supportInlineQueries=null, isPremium=null, addedToAttachmentMenu=null)), inviteLink=null), chatMember=null, chatJoinRequest=null)
2022-11-08 18:07:48 DEBUG UpdateProducerImpl:16 - /start
2022-11-08 18:07:54 DEBUG UpdateProducerImpl:16 - /help
2022-11-08 18:07:57 DEBUG UpdateProducerImpl:16 - /refistration
2022-11-08 18:08:53 DEBUG UpdateProducerImpl:16 - /cancel
2022-11-08 18:09:00 DEBUG UpdateProducerImpl:16 - /refistration
2022-11-08 18:09:14 DEBUG UpdateProducerImpl:16 - 
2022-12-08 12:56:38 DEBUG UpdateProducerImpl:16 - Qq
2022-12-08 12:57:12 DEBUG UpdateProducerImpl:16 - 
2022-12-08 13:33:20 DEBUG UpdateProducerImpl:16 - Hello
2022-12-08 13:34:30 DEBUG UpdateProducerImpl:16 - 😂
2022-12-08 13:37:56 DEBUG UpdateProducerImpl:16 - 😂
2022-12-08 13:41:01 DEBUG UpdateProducerImpl:16 - Q
2022-12-08 13:41:43 DEBUG UpdateProducerImpl:16 - 😂
2022-12-08 13:48:39 DEBUG UpdateProducerImpl:20 - Q
2022-12-08 14:17:44 DEBUG UpdateProducerImpl:20 - Й
2022-12-08 14:18:16 DEBUG UpdateProducerImpl:20 - Брат братан братишка
2022-12-08 15:44:10 DEBUG UpdateProducerImpl:20 - /help
2022-12-08 15:44:18 DEBUG UpdateProducerImpl:20 - Hello
2022-12-08 15:47:55 DEBUG UpdateProducerImpl:20 - Hello from chat
2022-12-08 15:48:58 DEBUG UpdateProducerImpl:20 - Hello
2022-12-08 16:11:02 ERROR UpdateController:33 - Received unsupported message typeUpdate(updateId=726455274, message=null, inlineQuery=null, chosenInlineQuery=null, callbackQuery=null, editedMessage=null, channelPost=null, editedChannelPost=null, shippingQuery=null, preCheckoutQuery=null, poll=null, pollAnswer=null, myChatMember=ChatMemberUpdated(chat=Chat(id=104571614, type=private, title=null, firstName=А, lastName=null, userName=Magistri_militum, photo=null, description=null, inviteLink=null, pinnedMessage=null, stickerSetName=null, canSetStickerSet=null, permissions=null, slowModeDelay=null, bio=null, linkedChatId=null, location=null, messageAutoDeleteTime=null, hasPrivateForwards=null, HasProtectedContent=null, joinToSendMessages=null, joinByRequest=null), from=User(id=104571614, firstName=А, isBot=false, lastName=null, userName=Magistri_militum, languageCode=ru, canJoinGroups=null, canReadAllGroupMessages=null, supportInlineQueries=null, isPremium=null, addedToAttachmentMenu=null), date=1670505061, oldChatMember=ChatMemberMember(status=member, user=User(id=5505239274, firstName=my1_files_exchange_bot, isBot=true, lastName=null, userName=My1FilesExchangeBot, languageCode=null, canJoinGroups=null, canReadAllGroupMessages=null, supportInlineQueries=null, isPremium=null, addedToAttachmentMenu=null)), newChatMember=ChatMemberBanned(status=kicked, user=User(id=5505239274, firstName=my1_files_exchange_bot, isBot=true, lastName=null, userName=My1FilesExchangeBot, languageCode=null, canJoinGroups=null, canReadAllGroupMessages=null, supportInlineQueries=null, isPremium=null, addedToAttachmentMenu=null), untilDate=0), inviteLink=null), chatMember=null, chatJoinRequest=null)
2022-12-08 16:11:05 ERROR UpdateController:33 - Received unsupported message typeUpdate(updateId=726455275, message=null, inlineQuery=null, chosenInlineQuery=null, callbackQuery=null, editedMessage=null, channelPost=null, editedChannelPost=null, shippingQuery=null, preCheckoutQuery=null, poll=null, pollAnswer=null, myChatMember=ChatMemberUpdated(chat=Chat(id=104571614, type=private, title=null, firstName=А, lastName=null, userName=Magistri_militum, photo=null, description=null, inviteLink=null, pinnedMessage=null, stickerSetName=null, canSetStickerSet=null, permissions=null, slowModeDelay=null, bio=null, linkedChatId=null, location=null, messageAutoDeleteTime=null, hasPrivateForwards=null, HasProtectedContent=null, joinToSendMessages=null, joinByRequest=null), from=User(id=104571614, firstName=А, isBot=false, lastName=null, userName=Magistri_militum, languageCode=ru, canJoinGroups=null, canReadAllGroupMessages=null, supportInlineQueries=null, isPremium=null, addedToAttachmentMenu=null), date=1670505064, oldChatMember=ChatMemberBanned(status=kicked, user=User(id=5505239274, firstName=my1_files_exchange_bot, isBot=true, lastName=null, userName=My1FilesExchangeBot, languageCode=null, canJoinGroups=null, canReadAllGroupMessages=null, supportInlineQueries=null, isPremium=null, addedToAttachmentMenu=null), untilDate=0), newChatMember=ChatMemberMember(status=member, user=User(id=5505239274, firstName=my1_files_exchange_bot, isBot=true, lastName=null, userName=My1FilesExchangeBot, languageCode=null, canJoinGroups=null, canReadAllGroupMessages=null, supportInlineQueries=null, isPremium=null, addedToAttachmentMenu=null)), inviteLink=null), chatMember=null, chatJoinRequest=null)
2022-12-08 16:11:19 DEBUG UpdateProducerImpl:20 - /start
2022-12-08 16:11:21 DEBUG UpdateProducerImpl:20 - /help
2022-12-08 16:11:23 DEBUG UpdateProducerImpl:20 - /registration
2022-12-08 16:11:24 DEBUG UpdateProducerImpl:20 - /cancel
2022-12-08 16:11:42 DEBUG UpdateProducerImpl:20 - 
2022-12-08 18:19:38 DEBUG UpdateProducerImpl:20 - 
2022-12-08 18:21:11 DEBUG UpdateProducerImpl:20 - 
2022-12-08 18:21:12 ERROR TelegramBot:42 - Error executing org.telegram.telegrambots.meta.api.methods.send.SendMessage query: [400] Bad Request: message is too long
2022-12-08 18:27:32 DEBUG UpdateProducerImpl:20 - 
2022-12-08 18:28:00 DEBUG UpdateProducerImpl:20 - 
2022-12-19 19:57:32 DEBUG UpdateProducerImpl:20 - 
2023-01-05 12:06:10 DEBUG UpdateProducerImpl:20 - Qq
2023-01-05 12:06:12 DEBUG UpdateProducerImpl:20 - /help
2023-01-05 12:06:15 DEBUG UpdateProducerImpl:20 - /help
2023-01-05 12:06:22 DEBUG UpdateProducerImpl:20 - /help
2023-01-05 12:07:07 DEBUG UpdateProducerImpl:20 - 
2023-01-05 15:50:01 DEBUG UpdateProducerImpl:20 - Привет
2023-01-05 15:50:03 DEBUG UpdateProducerImpl:20 - /help
2023-01-05 15:50:14 DEBUG UpdateProducerImpl:20 - 
2023-01-05 15:51:30 DEBUG UpdateProducerImpl:20 - 
2023-01-05 16:37:12 DEBUG UpdateProducerImpl:20 - hello
2023-01-05 16:38:07 DEBUG UpdateProducerImpl:20 - 
2023-01-05 16:53:01 DEBUG UpdateProducerImpl:20 - Ввв
2023-01-05 16:53:03 DEBUG UpdateProducerImpl:20 - /help
2023-01-05 16:53:04 DEBUG UpdateProducerImpl:20 - /help
2023-01-05 16:53:05 DEBUG UpdateProducerImpl:20 - /help
2023-01-05 16:53:06 DEBUG UpdateProducerImpl:20 - /help
2023-01-06 14:26:02 DEBUG UpdateProducerImpl:20 - Pp
2023-01-06 14:26:44 DEBUG UpdateProducerImpl:20 - 
2023-01-06 14:39:55 DEBUG UpdateProducerImpl:20 - 
2023-01-06 22:38:17 DEBUG UpdateProducerImpl:20 - 
2023-01-06 22:38:48 ERROR UpdateController:33 - Received unsupported message typeUpdate(updateId=726455306, message=null, inlineQuery=null, chosenInlineQuery=null, callbackQuery=null, editedMessage=null, channelPost=null, editedChannelPost=null, shippingQuery=null, preCheckoutQuery=null, poll=null, pollAnswer=null, myChatMember=ChatMemberUpdated(chat=Chat(id=104571614, type=private, title=null, firstName=А, lastName=null, userName=Magistri_militum, photo=null, description=null, inviteLink=null, pinnedMessage=null, stickerSetName=null, canSetStickerSet=null, permissions=null, slowModeDelay=null, bio=null, linkedChatId=null, location=null, messageAutoDeleteTime=null, hasPrivateForwards=null, HasProtectedContent=null, joinToSendMessages=null, joinByRequest=null), from=User(id=104571614, firstName=А, isBot=false, lastName=null, userName=Magistri_militum, languageCode=ru, canJoinGroups=null, canReadAllGroupMessages=null, supportInlineQueries=null, isPremium=null, addedToAttachmentMenu=null), date=1673033928, oldChatMember=ChatMemberMember(status=member, user=User(id=5505239274, firstName=my1_files_exchange_bot, isBot=true, lastName=null, userName=My1FilesExchangeBot, languageCode=null, canJoinGroups=null, canReadAllGroupMessages=null, supportInlineQueries=null, isPremium=null, addedToAttachmentMenu=null)), newChatMember=ChatMemberBanned(status=kicked, user=User(id=5505239274, firstName=my1_files_exchange_bot, isBot=true, lastName=null, userName=My1FilesExchangeBot, languageCode=null, canJoinGroups=null, canReadAllGroupMessages=null, supportInlineQueries=null, isPremium=null, addedToAttachmentMenu=null), untilDate=0), inviteLink=null), chatMember=null, chatJoinRequest=null)
2023-01-06 22:38:48 ERROR UpdateController:33 - Received unsupported message typeUpdate(updateId=726455307, message=null, inlineQuery=null, chosenInlineQuery=null, callbackQuery=null, editedMessage=null, channelPost=null, editedChannelPost=null, shippingQuery=null, preCheckoutQuery=null, poll=null, pollAnswer=null, myChatMember=ChatMemberUpdated(chat=Chat(id=104571614, type=private, title=null, firstName=А, lastName=null, userName=Magistri_militum, photo=null, description=null, inviteLink=null, pinnedMessage=null, stickerSetName=null, canSetStickerSet=null, permissions=null, slowModeDelay=null, bio=null, linkedChatId=null, location=null, messageAutoDeleteTime=null, hasPrivateForwards=null, HasProtectedContent=null, joinToSendMessages=null, joinByRequest=null), from=User(id=104571614, firstName=А, isBot=false, lastName=null, userName=Magistri_militum, languageCode=ru, canJoinGroups=null, canReadAllGroupMessages=null, supportInlineQueries=null, isPremium=null, addedToAttachmentMenu=null), date=1673033929, oldChatMember=ChatMemberBanned(status=kicked, user=User(id=5505239274, firstName=my1_files_exchange_bot, isBot=true, lastName=null, userName=My1FilesExchangeBot, languageCode=null, canJoinGroups=null, canReadAllGroupMessages=null, supportInlineQueries=null, isPremium=null, addedToAttachmentMenu=null), untilDate=0), newChatMember=ChatMemberMember(status=member, user=User(id=5505239274, firstName=my1_files_exchange_bot, isBot=true, lastName=null, userName=My1FilesExchangeBot, languageCode=null, canJoinGroups=null, canReadAllGroupMessages=null, supportInlineQueries=null, isPremium=null, addedToAttachmentMenu=null)), inviteLink=null), chatMember=null, chatJoinRequest=null)
2023-01-06 22:38:49 DEBUG UpdateProducerImpl:20 - /start
2023-01-06 22:39:12 DEBUG UpdateProducerImpl:20 - 
2023-01-06 22:39:27 DEBUG UpdateProducerImpl:20 - /help
2023-01-06 22:39:30 DEBUG UpdateProducerImpl:20 - /help
